<?xml version="1.0" encoding="UTF-8"?>
<testng-results ignored="0" total="1" passed="1" failed="0" skipped="0">
  <reporter-output>
  </reporter-output>
  <suite started-at="2026-04-04T04:44:34 IST" name="Default suite" finished-at="2026-04-04T04:44:56 IST" duration-ms="22207">
    <groups>
    </groups>
    <test started-at="2026-04-04T04:44:34 IST" name="Default test" finished-at="2026-04-04T04:44:56 IST" duration-ms="22207">
      <class name="TestPackage.DataScrapTest">
        <test-method is-config="true" signature="beforeverytest()[pri:0, instance:TestPackage.DataScrapTest@ba2f4ec]" started-at="2026-04-04T04:44:34 IST" name="beforeverytest" finished-at="2026-04-04T04:44:43 IST" duration-ms="9744" status="PASS">
          <reporter-output>
          </reporter-output>
        </test-method> <!-- beforeverytest -->
        <test-method signature="extractDataFromtable()[pri:0, instance:TestPackage.DataScrapTest@ba2f4ec]" started-at="2026-04-04T04:44:43 IST" name="extractDataFromtable" finished-at="2026-04-04T04:44:53 IST" duration-ms="9447" status="PASS">
          <reporter-output>
          </reporter-output>
        </test-method> <!-- extractDataFromtable -->
        <test-method is-config="true" signature="teardown()[pri:0, instance:TestPackage.DataScrapTest@ba2f4ec]" started-at="2026-04-04T04:44:53 IST" name="teardown" finished-at="2026-04-04T04:44:56 IST" duration-ms="2908" status="PASS">
          <reporter-output>
          </reporter-output>
        </test-method> <!-- teardown -->
      </class> <!-- TestPackage.DataScrapTest -->
    </test> <!-- Default test -->
  </suite> <!-- Default suite -->
</testng-results>
